<?xml version="1.0" encoding="UTF-8"?>
<testsuite name="kr.study.jwt.member.MemberApiControllerTest" tests="1" skipped="0" failures="0" errors="0" timestamp="2020-05-01T14:08:38" hostname="ida-eun-ui-MacBook-Air.local" time="0.596">
  <properties/>
  <testcase name="회원_저장" classname="kr.study.jwt.member.MemberApiControllerTest" time="0.596"/>
  <system-out><![CDATA[23:08:31.593 [Test worker] DEBUG org.springframework.test.annotation.ProfileValueUtils - Retrieved @ProfileValueSourceConfiguration [null] for test class [kr.study.jwt.member.MemberApiControllerTest]
23:08:31.595 [Test worker] DEBUG org.springframework.test.annotation.ProfileValueUtils - Retrieved ProfileValueSource type [class org.springframework.test.annotation.SystemProfileValueSource] for class [kr.study.jwt.member.MemberApiControllerTest]
23:08:31.602 [Test worker] DEBUG org.springframework.test.annotation.ProfileValueUtils - Retrieved @ProfileValueSourceConfiguration [null] for test class [kr.study.jwt.member.MemberApiControllerTest]
23:08:31.604 [Test worker] DEBUG org.springframework.test.annotation.ProfileValueUtils - Retrieved ProfileValueSource type [class org.springframework.test.annotation.SystemProfileValueSource] for class [kr.study.jwt.member.MemberApiControllerTest]
23:08:31.613 [Test worker] DEBUG org.springframework.test.context.support.AbstractDirtiesContextTestExecutionListener - Before test class: context [DefaultTestContext@2c73f48e testClass = MemberApiControllerTest, testInstance = [null], testMethod = [null], testException = [null], mergedContextConfiguration = [WebMergedContextConfiguration@6d15b3b6 testClass = MemberApiControllerTest, locations = '{}', classes = '{class kr.study.jwt.JwtApplication}', contextInitializerClasses = '[]', activeProfiles = '{}', propertySourceLocations = '{}', propertySourceProperties = '{org.springframework.boot.test.context.SpringBootTestContextBootstrapper=true}', contextCustomizers = set[org.springframework.boot.test.autoconfigure.properties.PropertyMappingContextCustomizer@4b3fa0b3, org.springframework.boot.test.autoconfigure.web.servlet.WebDriverContextCustomizerFactory$Customizer@3c028b31, [ImportsContextCustomizer@57cf1dd0 key = [org.springframework.boot.test.autoconfigure.web.servlet.MockMvcAutoConfiguration, org.springframework.boot.test.autoconfigure.web.servlet.MockMvcWebClientAutoConfiguration, org.springframework.boot.test.autoconfigure.web.servlet.MockMvcWebDriverAutoConfiguration, org.springframework.boot.autoconfigure.security.servlet.SecurityAutoConfiguration, org.springframework.boot.autoconfigure.security.servlet.UserDetailsServiceAutoConfiguration, org.springframework.boot.test.autoconfigure.web.servlet.MockMvcSecurityConfiguration]], org.springframework.boot.test.context.filter.ExcludeFilterContextCustomizer@2e62b41, org.springframework.boot.test.json.DuplicateJsonObjectContextCustomizerFactory$DuplicateJsonObjectContextCustomizer@7e4f1dda, org.springframework.boot.test.mock.mockito.MockitoContextCustomizer@0, org.springframework.boot.test.web.client.TestRestTemplateContextCustomizer@7d341465], resourceBasePath = 'src/main/webapp', contextLoader = 'org.springframework.boot.test.context.SpringBootContextLoader', parent = [null]], attributes = map['org.springframework.test.context.web.ServletTestExecutionListener.activateListener' -> true]], class annotated with @DirtiesContext [false] with mode [null].
23:08:31.618 [Test worker] DEBUG org.springframework.test.annotation.ProfileValueUtils - Retrieved @ProfileValueSourceConfiguration [null] for test class [kr.study.jwt.member.MemberApiControllerTest]
23:08:31.618 [Test worker] DEBUG org.springframework.test.annotation.ProfileValueUtils - Retrieved ProfileValueSource type [class org.springframework.test.annotation.SystemProfileValueSource] for class [kr.study.jwt.member.MemberApiControllerTest]
23:08:31.680 [Test worker] DEBUG org.springframework.test.context.support.TestPropertySourceUtils - Adding inlined properties to environment: {spring.jmx.enabled=false, org.springframework.boot.test.context.SpringBootTestContextBootstrapper=true, server.port=-1}

  .   ____          _            __ _ _
 /\\ / ___'_ __ _ _(_)_ __  __ _ \ \ \ \
( ( )\___ | '_ | '_| | '_ \/ _` | \ \ \ \
 \\/  ___)| |_)| | | | | || (_| |  ) ) ) )
  '  |____| .__|_| |_|_| |_\__, | / / / /
 =========|_|==============|___/=/_/_/_/
 :: Spring Boot ::        (v2.2.6.RELEASE)

2020-05-01 23:08:32.436  INFO 1535 --- [    Test worker] k.s.jwt.member.MemberApiControllerTest   : Starting MemberApiControllerTest on ida-eun-ui-MacBook-Air.local with PID 1535 (started by daeun in /Users/daeun/Downloads/projects/jwt)
2020-05-01 23:08:32.439  INFO 1535 --- [    Test worker] k.s.jwt.member.MemberApiControllerTest   : No active profile set, falling back to default profiles: default
2020-05-01 23:08:33.618  INFO 1535 --- [    Test worker] .s.d.r.c.RepositoryConfigurationDelegate : Bootstrapping Spring Data JPA repositories in DEFAULT mode.
2020-05-01 23:08:33.758  INFO 1535 --- [    Test worker] .s.d.r.c.RepositoryConfigurationDelegate : Finished Spring Data repository scanning in 104ms. Found 1 JPA repository interfaces.
2020-05-01 23:08:34.835  INFO 1535 --- [    Test worker] o.hibernate.jpa.internal.util.LogHelper  : HHH000204: Processing PersistenceUnitInfo [name: default]
2020-05-01 23:08:35.012  INFO 1535 --- [    Test worker] org.hibernate.Version                    : HHH000412: Hibernate ORM core version 5.4.12.Final
2020-05-01 23:08:35.371  INFO 1535 --- [    Test worker] o.hibernate.annotations.common.Version   : HCANN000001: Hibernate Commons Annotations {5.1.0.Final}
2020-05-01 23:08:35.631  INFO 1535 --- [    Test worker] com.zaxxer.hikari.HikariDataSource       : HikariPool-1 - Starting...
2020-05-01 23:08:35.752  INFO 1535 --- [    Test worker] com.zaxxer.hikari.HikariDataSource       : HikariPool-1 - Start completed.
2020-05-01 23:08:35.793  INFO 1535 --- [    Test worker] org.hibernate.dialect.Dialect            : HHH000400: Using dialect: org.hibernate.dialect.MariaDB53Dialect
Hibernate: drop table if exists member
Hibernate: create table member (id bigint not null auto_increment, email varchar(255), password varchar(255), primary key (id)) engine=InnoDB
Hibernate: alter table member add constraint UK_mbmcqelty0fbrvxp1q58dn57t unique (email)
2020-05-01 23:08:37.088  INFO 1535 --- [    Test worker] o.h.e.t.j.p.i.JtaPlatformInitiator       : HHH000490: Using JtaPlatform implementation: [org.hibernate.engine.transaction.jta.platform.internal.NoJtaPlatform]
2020-05-01 23:08:37.104  INFO 1535 --- [    Test worker] j.LocalContainerEntityManagerFactoryBean : Initialized JPA EntityManagerFactory for persistence unit 'default'
2020-05-01 23:08:37.898  WARN 1535 --- [    Test worker] JpaBaseConfiguration$JpaWebConfiguration : spring.jpa.open-in-view is enabled by default. Therefore, database queries may be performed during view rendering. Explicitly configure spring.jpa.open-in-view to disable this warning
2020-05-01 23:08:38.274  INFO 1535 --- [    Test worker] o.s.s.concurrent.ThreadPoolTaskExecutor  : Initializing ExecutorService 'applicationTaskExecutor'
2020-05-01 23:08:38.719  INFO 1535 --- [    Test worker] o.s.b.t.m.w.SpringBootMockServletContext : Initializing Spring TestDispatcherServlet ''
2020-05-01 23:08:38.719  INFO 1535 --- [    Test worker] o.s.t.web.servlet.TestDispatcherServlet  : Initializing Servlet ''
2020-05-01 23:08:38.739  INFO 1535 --- [    Test worker] o.s.t.web.servlet.TestDispatcherServlet  : Completed initialization in 19 ms
2020-05-01 23:08:38.774  INFO 1535 --- [    Test worker] k.s.jwt.member.MemberApiControllerTest   : Started MemberApiControllerTest in 7.064 seconds (JVM running for 9.93)
Hibernate: insert into member (email, password) values (?, ?)

MockHttpServletRequest:
      HTTP Method = POST
      Request URI = /api/member
       Parameters = {}
          Headers = [Content-Type:"application/json;charset=UTF-8", Content-Length:"49"]
             Body = {"email":"email@email.com","password":"password"}
    Session Attrs = {}

Handler:
             Type = kr.study.jwt.member.MemberApiController
           Method = kr.study.jwt.member.MemberApiController#save(MemberRequestDto)

Async:
    Async started = false
     Async result = null

Resolved Exception:
             Type = null

ModelAndView:
        View name = null
             View = null
            Model = null

FlashMap:
       Attributes = null

MockHttpServletResponse:
           Status = 200
    Error message = null
          Headers = [Content-Type:"application/json"]
     Content type = application/json
             Body = {"id":1,"email":"email@email.com","password":"password"}
    Forwarded URL = null
   Redirected URL = null
          Cookies = []
]]></system-out>
  <system-err><![CDATA[]]></system-err>
</testsuite>
